<?xml version="1.0" encoding="UTF-8"?>
<!-- Generated by org.testng.reporters.JUnitReportReporter -->
<testsuite hostname="chairunnissap" failures="0" tests="1" name="runner.TestRunner" time="73.660" errors="0" timestamp="2025-10-30T02:00:58 WIB" skipped="0">
  <testcase classname="runner.TestRunner" name="runScenario" time="73.660"/>
</testsuite> <!-- runner.TestRunner -->
